c:\users\ll\documents\visual studio 2015\projects\nju\nju\release\nju.pch
c:\users\ll\documents\visual studio 2015\projects\nju\nju\release\vc140.pdb
c:\users\ll\documents\visual studio 2015\projects\nju\nju\release\stdafx.obj
c:\users\ll\documents\visual studio 2015\projects\nju\nju\release\njudlg.obj
c:\users\ll\documents\visual studio 2015\projects\nju\nju\release\nju.obj
c:\users\ll\documents\visual studio 2015\projects\nju\nju\release\inputinfo_dlg.obj
c:\users\ll\documents\visual studio 2015\projects\nju\nju\release\main.obj
c:\users\ll\documents\visual studio 2015\projects\nju\nju\release\wait.obj
c:\users\ll\documents\visual studio 2015\projects\nju\nju\release\changepw.obj
c:\users\ll\documents\visual studio 2015\projects\nju\release\nju.exe
c:\users\ll\documents\visual studio 2015\projects\nju\release\nju.ipdb
c:\users\ll\documents\visual studio 2015\projects\nju\release\nju.iobj
c:\users\ll\documents\visual studio 2015\projects\nju\release\nju.pdb
c:\users\ll\documents\visual studio 2015\projects\nju\nju\release\nju.res
c:\users\ll\documents\visual studio 2015\projects\nju\nju\release\nju.tlog\cl.command.1.tlog
c:\users\ll\documents\visual studio 2015\projects\nju\nju\release\nju.tlog\cl.read.1.tlog
c:\users\ll\documents\visual studio 2015\projects\nju\nju\release\nju.tlog\cl.write.1.tlog
c:\users\ll\documents\visual studio 2015\projects\nju\nju\release\nju.tlog\link.command.1.tlog
c:\users\ll\documents\visual studio 2015\projects\nju\nju\release\nju.tlog\link.read.1.tlog
c:\users\ll\documents\visual studio 2015\projects\nju\nju\release\nju.tlog\link.write.1.tlog
c:\users\ll\documents\visual studio 2015\projects\nju\nju\release\nju.tlog\rc.command.1.tlog
c:\users\ll\documents\visual studio 2015\projects\nju\nju\release\nju.tlog\rc.read.1.tlog
c:\users\ll\documents\visual studio 2015\projects\nju\nju\release\nju.tlog\rc.write.1.tlog
